GET array (
  'search' => '',
)GET array (
  'search' => 'Бу',
)GET array (
  'search' => 'яйцо',
)GET array (
  'id' => '44',
  'cat' => 'breakfast',
  'picture' => 'bg.jpg',
)GET array (
  'id' => '47',
  'cat' => 'drinks',
)GET array (
  'id' => '47',
  'cat' => 'drinks',
)GET array (
  'search' => '',
)GET array (
  'search' => 'Са',
  'cafe' => '1',
)GET array (
  'search' => 'Са',
  'cafe' => '1',
)GET array (
  'search' => 'Са',
  'cafe' => '1',
)GET array (
  'search' => 'са',
  'cafe' => '1',
)GET array (
  'search' => 'са',
  'cafe' => '1',
)GET array (
  'search' => 'яйцо',
  'cafe' => '1',
)GET array (
  'search' => '',
  'city' => '1',
  'cafe' => '1',
  'workers' => '1',
  'suppliers' => '1',
  'prod_supp' => '1',
)GET array (
  'search' => '',
  'cafe' => '1',
)GET array (
  'search' => 'с',
)GET array (
  'search' => 'с',
  'city' => 'tru',
)GET array (
  'search' => 'са',
  'cafe' => '1',
)GET array (
  'search' => 'ипарп',
  'city' => 'tru',
)GET array (
  'search' => '',
  'cafe' => '1',
)GET array (
  'search' => '',
  'workers' => '1',
)GET array (
  'search' => '',
  'cafe' => 'tru',
)GET array (
  'search' => '',
  'workers' => 'tru',
)GET array (
  'search' => '',
  'workers' => 'tru',
)GET array (
  'search' => 'са',
  'cafe' => '1',
)GET array (
  'search' => 'са',
  'cafe' => '1',
)GET array (
  'search' => 'Бу',
  'cafe' => '1',
)GET array (
  'search' => 'са',
  'cafe' => '1',
)GET array (
  'search' => 'са',
  'cafe' => '1',
)GET array (
  'search' => 'са',
  'cafe' => '1',
)GET array (
  'search' => 'са',
  'cafe' => '1',
)GET array (
  'search' => 'са',
  'cafe' => '1',
)GET array (
  'search' => 'са',
  'cafe' => '1',
)GET array (
  'search' => 'са',
  'cafe' => '1',
)GET array (
  'search' => 'са',
  'cafe' => '1',
)GET array (
  'search' => 'са',
  'cafe' => '1',
)GET array (
  'search' => 'са',
  'cafe' => '1',
)GET array (
  'search' => 'са',
  'cafe' => '1',
)GET array (
  'search' => 'Са',
  'city' => '1',
  'cafe' => '1',
  'workers' => '1',
  'suppliers' => '1',
  'prod_supp' => '1',
)GET array (
  'search' => 'я',
  'city' => '1',
  'cafe' => '1',
  'workers' => '1',
  'suppliers' => '1',
  'prod_supp' => '1',
)GET array (
  'search' => 'я',
  'prod_supp' => '1',
)GET array (
  'search' => 'я',
  'prod_supp' => '1',
)GET array (
  'search' => 'я',
  'prod_supp' => '1',
)GET array (
  'search' => 'я',
  'prod_supp' => '1',
)GET array (
  'search' => '100',
  'prod_supp' => '1',
)GET array (
  'search' => '100',
  'prod_supp' => '1',
)GET array (
  'search' => '100',
  'prod_supp' => '1',
)GET array (
  'search' => '504',
  'prod_supp' => '1',
)GET array (
  'search' => '504',
  'prod_supp' => '1',
)GET array (
  'search' => '504',
  'prod_supp' => '1',
)GET array (
  'search' => '2500',
  'workers' => '1',
)GET array (
  'search' => '2500',
  'workers' => '1',
)GET array (
  'search' => '2500',
  'workers' => '1',
)GET array (
  'search' => '2500',
  'workers' => '1',
)GET array (
  'search' => '2500',
  'workers' => '1',
)GET array (
  'search' => '2500',
  'workers' => '1',
)GET array (
  'search' => '2500',
  'workers' => '1',
)GET array (
  'search' => '2500',
  'workers' => '1',
)GET array (
  'search' => '2500',
  'workers' => '1',
)GET array (
  'search' => 'Технарь',
  'workers' => '1',
)GET array (
  'search' => 'с',
)GET array (
  'search' => 'с',
)GET array (
  'id' => '1',
)GET array (
  'search' => 'с',
)GET array (
  'search' => 'с',
)GET array (
  'search' => '100',
  'prod_supp' => '1',
)GET array (
  'search' => '1000',
  'prod_supp' => '1',
)GET array (
  'search' => 'c',
  'cafe' => '1',
)GET array (
  'search' => 'са',
  'cafe' => '1',
)GET array (
  'id' => '47',
  'cat' => 'drinks',
  'picture' => 'bg.jpg',
)GET array (
  'id' => '8',
)GET array (
  'id' => '1',
)GET array (
  'id' => '3',
)GET array (
  'id' => '3',
)GET array (
  'id' => '3',
)GET array (
  'id' => '1',
)GET array (
  'id' => '1',
)GET array (
  'id' => '1',
)GET array (
  'id' => '1',
)GET array (
  'id' => '1',
)GET array (
  'id' => '1',
)GET array (
  'id' => '1',
)GET array (
  'id' => '1',
)GET array (
  'id' => '1',
)GET array (
  'id' => '1',
)GET array (
  'id' => '1',
)GET array (
  'id' => '1',
)GET array (
  'id' => '1',
)GET array (
  'id' => '1',
)GET array (
  'id' => '1',
)GET array (
  'id' => '11',
)GET array (
  'id' => '1',
)GET array (
  'id' => '11',
  'id_cafe' => '1',
)GET array (
  'id_supp' => '11',
  'id_cafe' => '1',
)GET array (
  'id' => '11',
  'id_cafe' => '1',
)GET array (
  'id' => '11',
  'id_cafe' => '1',
)GET array (
  'id' => '11',
  'id_cafe' => '1',
)GET array (
  'id_supp' => '11',
  'id_cafe' => '1',
)GET array (
  'id' => '11',
  'id_cafe' => '1',
)GET array (
  'id' => '1',
)GET array (
  'id' => '1',
)GET array (
  'id' => '1',
)GET array (
  'id' => '1',
)GET array (
  'id' => '1',
)GET array (
  'id' => '1',
)GET array (
  'id' => '1',
)GET array (
  'id' => '1',
)GET array (
  'id' => '1',
)GET array (
  'id' => '1',
)GET array (
  'id' => '19',
  'id_cafe' => '1',
)GET array (
  'id' => '1',
)GET array (
  'id' => '1',
)GET array (
  'id' => '1',
)GET array (
  'id' => '19',
  'id_cafe' => '1',
)GET array (
  'id' => '1',
)GET array (
  'id' => '1',
)GET array (
  'id' => '1',
)GET array (
  'id' => '1',
)GET array (
  'id' => '1',
)GET array (
  'id' => '4',
  'id_cafe' => '1',
)GET array (
  'id' => '1',
)GET array (
  'id' => '1',
  'id_cafe' => '1',
)GET array (
  'id_supp' => '1',
  'id_cafe' => '1',
)GET array (
  'id' => '1',
  'id_cafe' => '1',
)GET array (
  'id_supp' => '1',
  'id_prod' => '1',
  'id_cafe' => '1',
)GET array (
  'id' => '1',
  'id_cafe' => '1',
)GET array (
  'id' => '1',
  'id_cafe' => '1',
)GET array (
  'id_supp' => '1',
  'id_cafe' => '1',
)GET array (
  'id_supp' => '1',
  'id_cafe' => '1',
)GET array (
  'id' => '1',
  'id_cafe' => '1',
)GET array (
  'id' => '1',
  'id_cafe' => '1',
)GET array (
  'id_supp' => '1',
  'id_cafe' => '1',
)GET array (
  'id_supp' => '1',
  'id_cafe' => '1',
)GET array (
  'id' => '1',
  'id_cafe' => '1',
)GET array (
  'id_supp' => '1',
  'id_cafe' => '1',
)GET array (
  'id_supp' => '1',
  'id_cafe' => '1',
)GET array (
  'id' => '1',
  'id_cafe' => '1',
)GET array (
  'id_supp' => '1',
  'id_cafe' => '1',
)GET array (
  'id' => '1',
  'id_cafe' => '1',
)GET array (
  'id_supp' => '1',
  'id_prod' => '10',
  'id_cafe' => '1',
)GET array (
  'id' => '1',
  'id_cafe' => '1',
)GET array (
  'id' => '1',
  'id_cafe' => '1',
)GET array (
  'id' => '1',
  'id_cafe' => '1',
)GET array (
  'id_supp' => '1',
  'id_prod' => '10',
  'id_cafe' => '1',
)GET array (
  'id' => '1',
  'id_cafe' => '1',
)GET array (
  'id_supp' => '1',
  'id_cafe' => '1',
)GET array (
  'id' => '1',
  'id_cafe' => '1',
)GET array (
  'id_supp' => '1',
  'id_cafe' => '1',
)GET array (
  'id' => '1',
  'id_cafe' => '1',
)GET array (
  'id' => '1',
)GET array (
  'id' => '1',
)GET array (
  'id' => '1',
)GET array (
  'id' => '1',
)GET array (
  'id' => '1',
  'id_cafe' => '1',
)GET array (
  'id' => '1',
  'id_cafe' => '1',
)GET array (
  'id' => '1',
  'id_cafe' => '1',
)GET array (
  'id_supp' => '1',
  'id_cafe' => '1',
)GET array (
  'id' => '1',
  'id_cafe' => '1',
)GET array (
  'id_supp' => '1',
  'id_cafe' => '1',
)GET array (
  'id' => '1',
  'id_cafe' => '1',
)GET array (
  'id_supp' => '1',
  'id_cafe' => '1',
)GET array (
  'id' => '1',
  'id_cafe' => '1',
)GET array (
  'id_supp' => '1',
  'id_cafe' => '1',
)GET array (
  'id' => '1',
  'id_cafe' => '1',
)GET array (
  'id' => '1',
  'id_cafe' => '1',
)GET array (
  'id' => '9',
)GET array (
  'id' => '9',
)GET array (
  'id' => '9',
)GET array (
  'id' => '9',
)GET array (
  'id' => '9',
)GET array (
  'id' => '9',
)GET array (
  'id' => '20',
  'id_cafe' => '9',
)GET array (
  'id' => '9',
)GET array (
  'id' => '9',
)GET array (
  'id' => '21',
  'id_cafe' => '9',
)GET array (
  'id' => '1',
)GET array (
  'id' => '21',
  'id_cafe' => '9',
)GET array (
  'id' => '9',
)GET array (
  'id' => '9',
)GET array (
  'id' => '20',
  'id_cafe' => '9',
)GET array (
  'id' => '9',
)GET array (
  'id' => '9',
)GET array (
  'id' => '9',
)GET array (
  'id' => '9',
)GET array (
  'id' => '9',
)GET array (
  'id' => '9',
)GET array (
  'id' => '1',
)GET array (
  'id' => '1',
)GET array (
  'id' => '1',
)GET array (
  'id' => '9',
)GET array (
  'id' => '9',
)GET array (
  'id' => '9',
)GET array (
  'id' => '9',
)GET array (
  'id' => '9',
)GET array (
  'id' => '9',
)GET array (
  'id' => '9',
)GET array (
  'id' => '9',
)GET array (
  'id' => '9',
)GET array (
  'id' => '13',
)GET array (
  'id' => '9',
)GET array (
  'id' => '13',
  'id_cafe' => '9',
)GET array (
  'id_supp' => '13',
  'id_cafe' => '9',
)GET array (
  'id' => '13',
  'id_cafe' => '9',
)GET array (
  'id_supp' => '13',
  'id_prod' => '1',
  'id_cafe' => '9',
)GET array (
  'id' => '13',
  'id_cafe' => '9',
)GET array (
  'id_supp' => '13',
  'id_cafe' => '9',
)GET array (
  'id_supp' => '13',
  'id_cafe' => '9',
)GET array (
  'id' => '13',
  'id_cafe' => '9',
)GET array (
  'id' => '13',
  'id_cafe' => '9',
)GET array (
  'id' => '1',
)GET array (
  'id' => '1',
)GET array (
  'id' => '1',
)GET array (
  'id' => '9',
)GET array (
  'id' => '9',
)GET array (
  'id' => '9',
)GET array (
  'id' => '9',
)GET array (
  'id' => '9',
)GET array (
  'id' => '9',
)GET array (
  'id' => '9',
)GET array (
  'id' => '9',
)GET array (
  'id' => '9',
)GET array (
  'id' => '9',
)GET array (
  'id' => '9',
)GET array (
  'id' => '9',
)GET array (
  'id' => '9',
)GET array (
  'id' => '9',
)GET array (
  'id' => '9',
)GET array (
  'id' => '13',
  'id_cafe' => '9',
)GET array (
  'id' => '9',
)GET array (
  'id' => '9',
)GET array (
  'search' => 'са',
  'cafe' => '1',
)GET array (
  'search' => '1',
  'suppliers' => '1',
)GET array (
  'search' => 'Ал',
  'workers' => '1',
)GET array (
  'search' => 'ал',
  'workers' => '1',
)GET array (
  'id' => '1',
)GET array (
  'id' => '1',
)GET array (
  'id' => '1',
)GET array (
  'id' => '2',
)GET array (
  'id' => '2',
)GET array (
  'id' => '2',
)GET array (
  'id' => '2',
)GET array (
  'search' => 'ал',
  'workers' => '1',
)GET array (
  'search' => 'ал',
  'workers' => '1',
)GET array (
  'search' => 'ал',
  'workers' => '1',
)GET array (
  'search' => 'Мо',
  'city' => '1',
)GET array (
  'search' => 'им',
)GET array (
  'search' => '1000',
)GET array (
  'search' => 'Ал',
  'city' => '1',
  'cafe' => '1',
  'workers' => '1',
)GET array (
  'search' => 'А',
  'city' => '1',
  'cafe' => '1',
  'workers' => '1',
)