15:02:21 06.01.2021;1;/index.php;
15:04:10 06.01.2021;1;/pages/menu.php;
15:08:51 06.01.2021;NULL;/pages/menu.php;
15:14:16 06.01.2021;NULL;/pages/regest.php;
15:14:25 06.01.2021;7;/pages/korzina.php;
15:14:28 06.01.2021;7;/pages/admin.php;
15:14:43 06.01.2021;7;/pages/admin.php;
15:17:42 06.01.2021;7;/pages/admin.php;
15:18:03 06.01.2021;7;/pages/admin.php;
15:18:15 06.01.2021;7;/pages/admin.php;
19:03:32 06.01.2021;7;/pages/UpAdmin.php?id=47&cat=drinks;
19:03:49 06.01.2021;7;/pages/admin.php;
19:14:13 06.01.2021;7;/pages/UpAdmin.php?id=47&cat=drinks;
19:14:18 06.01.2021;7;/pages/admin.php;
12:41:30 08.01.2021;7;/pages/admin.php;
12:41:36 08.01.2021;7;/pages/restorans.php;
12:54:35 08.01.2021;7;/pages/restorans.php;
12:55:21 08.01.2021;7;/pages/restorans.php;
12:55:42 08.01.2021;7;/pages/restorans.php;
12:55:53 08.01.2021;7;/pages/restorans.php;
12:56:08 08.01.2021;7;/pages/restorans.php;
12:58:36 08.01.2021;7;/pages/restorans.php;
12:59:40 08.01.2021;7;/pages/restorans.php;
12:59:51 08.01.2021;7;/pages/restorans.php;
13:00:15 08.01.2021;7;/pages/restorans.php;
13:01:56 08.01.2021;7;/pages/restorans.php;
13:02:07 08.01.2021;7;/pages/restorans.php;
13:02:15 08.01.2021;7;/pages/restorans.php;
13:02:16 08.01.2021;7;/pages/restorans.php;
13:03:20 08.01.2021;7;/pages/restorans.php;
13:04:47 08.01.2021;7;/pages/restorans.php;
13:05:01 08.01.2021;7;/pages/restorans.php;
13:05:08 08.01.2021;7;/pages/restorans.php;
13:05:26 08.01.2021;7;/pages/restorans.php;
13:06:11 08.01.2021;7;/pages/restorans.php;
13:07:02 08.01.2021;7;/pages/restorans.php;
13:07:15 08.01.2021;7;/pages/restorans.php;
13:07:38 08.01.2021;7;/pages/restorans.php;
13:08:00 08.01.2021;7;/pages/restorans.php;
13:12:21 08.01.2021;7;/pages/restorans.php;
13:12:58 08.01.2021;7;/pages/restorans.php;
13:13:24 08.01.2021;7;/pages/restorans.php;
13:13:50 08.01.2021;7;/pages/restorans.php;
13:13:56 08.01.2021;7;/pages/restorans.php?;
13:13:57 08.01.2021;7;/pages/restorans.php?;
13:13:58 08.01.2021;7;/pages/restorans.php?;
13:13:58 08.01.2021;7;/pages/restorans.php?;
13:13:59 08.01.2021;7;/pages/restorans.php?;
13:14:48 08.01.2021;7;/pages/restorans.php?;
13:15:06 08.01.2021;7;/pages/restorans.php?;
13:15:19 08.01.2021;7;/pages/restorans.php?;
13:15:29 08.01.2021;7;/pages/restorans.php?;
13:15:37 08.01.2021;7;/pages/restorans.php?;
13:16:09 08.01.2021;7;/pages/restorans.php?;
13:17:12 08.01.2021;7;/pages/restorans.php?;
13:17:25 08.01.2021;7;/pages/restorans.php?;
13:17:46 08.01.2021;7;/pages/restorans.php?;
13:18:10 08.01.2021;7;/pages/restorans.php?;
13:18:42 08.01.2021;7;/pages/restorans.php?;
13:19:16 08.01.2021;7;/pages/restorans.php?;
13:19:21 08.01.2021;7;/pages/restorans.php?;
13:20:18 08.01.2021;7;/pages/restorans.php?;
13:20:42 08.01.2021;7;/pages/restorans.php?;
13:21:13 08.01.2021;7;/pages/restorans.php?;
13:21:21 08.01.2021;7;/pages/restorans.php?;
13:21:34 08.01.2021;7;/pages/restorans.php?;
13:22:22 08.01.2021;7;/pages/restorans.php?;
13:22:41 08.01.2021;7;/pages/restorans.php?;
13:23:28 08.01.2021;7;/pages/restorans.php?;
13:23:49 08.01.2021;7;/pages/restorans.php?;
13:24:09 08.01.2021;7;/pages/restorans.php?;
13:24:14 08.01.2021;7;/pages/restorans.php?;
13:24:23 08.01.2021;7;/pages/restorans.php?;
13:24:38 08.01.2021;7;/pages/restorans.php?;
13:24:41 08.01.2021;7;/pages/restorans.php?;
13:24:49 08.01.2021;7;/pages/restorans.php?;
13:26:33 08.01.2021;7;/pages/restorans.php?;
13:26:46 08.01.2021;7;/pages/restorans.php?;
13:27:28 08.01.2021;7;/pages/restorans.php?;
13:27:39 08.01.2021;7;/pages/restorans.php?;
13:27:42 08.01.2021;7;/pages/restorans.php?;
13:27:48 08.01.2021;7;/pages/restorans.php?;
13:29:00 08.01.2021;7;/pages/restorans.php?;
13:29:49 08.01.2021;7;/pages/restorans.php?;
13:29:52 08.01.2021;7;/pages/restorans.php?;
13:29:55 08.01.2021;7;/pages/search_cafe.php?search=;
13:29:58 08.01.2021;7;/pages/restorans.php?;
13:30:15 08.01.2021;7;/pages/restorans.php?;
13:30:50 08.01.2021;7;/pages/restorans.php?;
13:30:59 08.01.2021;7;/pages/restorans.php?;
13:31:13 08.01.2021;7;/pages/restorans.php?;
14:09:11 08.01.2021;7;/pages/restorans.php?;
14:09:28 08.01.2021;7;/pages/restorans.php?;
14:10:32 08.01.2021;7;/pages/select_find_cafe.php;
14:11:11 08.01.2021;7;/pages/select_find_cafe.php;
14:11:28 08.01.2021;7;/pages/select_find_cafe.php;
14:11:29 08.01.2021;7;/pages/select_find_cafe.php;
14:11:29 08.01.2021;7;/pages/select_find_cafe.php;
14:11:29 08.01.2021;7;/pages/select_find_cafe.php;
14:11:37 08.01.2021;7;/pages/select_find_cafe.php;
14:11:39 08.01.2021;7;/pages/restorans.php?;
14:11:40 08.01.2021;7;/pages/restorans.php?;
14:11:47 08.01.2021;7;/pages/select_find_cafe.php;
14:12:03 08.01.2021;7;/pages/select_find_cafe.php;
14:12:05 08.01.2021;7;/pages/restorans.php?;
14:12:06 08.01.2021;7;/pages/restorans.php?;
14:12:11 08.01.2021;7;/pages/select_find_cafe.php;
14:12:14 08.01.2021;7;/pages/restorans.php?;
14:12:20 08.01.2021;7;/pages/restorans.php?;
14:12:26 08.01.2021;7;/pages/restorans.php?;
14:13:37 08.01.2021;7;/pages/restorans.php?;
14:13:52 08.01.2021;7;/pages/restorans.php?;
14:13:53 08.01.2021;7;/pages/restorans.php?;
14:13:57 08.01.2021;7;/pages/restorans.php?;
14:14:27 08.01.2021;7;/pages/restorans.php?;
14:14:53 08.01.2021;7;/pages/restorans.php?;
14:15:51 08.01.2021;7;/pages/restorans.php?;
14:16:03 08.01.2021;7;/pages/restorans.php?;
14:16:49 08.01.2021;7;/pages/restorans.php?;
14:16:54 08.01.2021;7;/pages/restorans.php?;
14:17:13 08.01.2021;7;/pages/restorans.php?;
14:17:22 08.01.2021;7;/pages/select_find_cafe.php;
14:17:25 08.01.2021;7;/pages/restorans.php?;
14:17:29 08.01.2021;7;/pages/select_find_cafe.php;
14:17:30 08.01.2021;7;/pages/restorans.php?;
14:17:30 08.01.2021;7;/pages/restorans.php?;
14:17:38 08.01.2021;7;/pages/select_find_cafe.php;
14:17:40 08.01.2021;7;/pages/restorans.php?;
14:17:56 08.01.2021;7;/pages/restorans.php?;
14:18:00 08.01.2021;7;/pages/select_find_cafe.php;
14:18:02 08.01.2021;7;/pages/restorans.php?;
14:18:30 08.01.2021;7;/pages/restorans.php?;
14:18:37 08.01.2021;7;/pages/restorans.php?;
14:18:37 08.01.2021;7;/pages/restorans.php?;
14:18:38 08.01.2021;7;/pages/restorans.php?;
14:18:38 08.01.2021;7;/pages/restorans.php?;
14:18:42 08.01.2021;7;/pages/restorans.php?;
14:18:42 08.01.2021;7;/pages/restorans.php?;
14:19:11 08.01.2021;7;/pages/restorans.php?;
14:19:17 08.01.2021;7;/pages/restorans.php?;
14:19:18 08.01.2021;7;/pages/restorans.php?;
14:19:29 08.01.2021;7;/pages/restorans.php?;
14:20:30 08.01.2021;7;/pages/restorans.php?;
14:20:32 08.01.2021;7;/pages/restorans.php?;
14:20:44 08.01.2021;7;/pages/restorans.php?;
14:20:51 08.01.2021;7;/pages/select_find_cafe.php;
14:21:30 08.01.2021;7;/pages/select_find_cafe.php;
14:21:37 08.01.2021;7;/pages/restorans.php?;
14:21:39 08.01.2021;7;/pages/restorans.php?;
14:21:44 08.01.2021;7;/pages/select_find_cafe.php;
14:22:28 08.01.2021;7;/pages/restorans.php?;
14:22:29 08.01.2021;7;/pages/restorans.php?;
14:22:34 08.01.2021;7;/pages/restorans.php?;
14:22:49 08.01.2021;7;/pages/restorans.php?;
14:23:20 08.01.2021;7;/pages/restorans.php?;
14:23:21 08.01.2021;7;/pages/restorans.php?;
14:24:38 08.01.2021;7;/pages/restorans.php?;
14:27:26 08.01.2021;7;/pages/select_find_cafe.php;
14:28:38 08.01.2021;7;/pages/select_find_cafe.php;
14:28:57 08.01.2021;7;/pages/select_find_cafe.php;
14:30:31 08.01.2021;7;/pages/select_find_cafe.php;
14:30:32 08.01.2021;7;/pages/select_find_cafe.php;
14:30:32 08.01.2021;7;/pages/select_find_cafe.php;
14:30:34 08.01.2021;7;/pages/restorans.php?;
14:30:35 08.01.2021;7;/pages/restorans.php?;
14:30:41 08.01.2021;7;/pages/select_find_cafe.php;
14:31:02 08.01.2021;7;/pages/select_find_cafe.php;
14:31:10 08.01.2021;7;/pages/select_find_cafe.php;
14:34:37 08.01.2021;7;/pages/select_find_cafe.php;
14:35:54 08.01.2021;7;/pages/select_find_cafe.php;
14:36:57 08.01.2021;7;/pages/select_find_cafe.php;
14:40:31 08.01.2021;7;/pages/restorans.php?;
14:40:40 08.01.2021;7;/pages/select_find_cafe.php;
14:41:00 08.01.2021;7;/pages/select_find_cafe.php;
14:41:15 08.01.2021;7;/pages/restorans.php?;
14:41:43 08.01.2021;7;/pages/restorans.php?;
14:42:01 08.01.2021;7;/pages/select_find_cafe.php;
14:42:06 08.01.2021;7;/pages/restorans.php?;
14:42:11 08.01.2021;7;/pages/select_find_cafe.php;
14:42:13 08.01.2021;7;/pages/restorans.php?;
14:42:14 08.01.2021;7;/pages/restorans.php?;
14:42:17 08.01.2021;7;/pages/select_find_cafe.php;
14:42:20 08.01.2021;7;/pages/restorans.php?;
14:42:24 08.01.2021;7;/pages/restorans.php?;
14:42:28 08.01.2021;7;/pages/select_find_cafe.php;
14:43:17 08.01.2021;7;/pages/select_find_cafe.php;
14:43:19 08.01.2021;7;/pages/restorans.php?;
14:43:20 08.01.2021;7;/pages/restorans.php?;
14:43:25 08.01.2021;7;/pages/select_find_cafe.php;
14:43:29 08.01.2021;7;/pages/restorans.php?;
14:45:04 08.01.2021;7;/pages/select_find_cafe.php;
14:49:21 08.01.2021;7;/pages/select_find_cafe.php;
14:49:23 08.01.2021;7;/pages/restorans.php?;
14:49:23 08.01.2021;7;/pages/select_find_cafe.php;
14:49:24 08.01.2021;7;/pages/restorans.php?;
14:49:25 08.01.2021;7;/pages/restorans.php?;
14:49:54 08.01.2021;7;/pages/select_find_cafe.php;
14:49:57 08.01.2021;7;/pages/restorans.php?;
14:50:00 08.01.2021;7;/pages/select_find_cafe.php;
14:50:02 08.01.2021;7;/pages/select_find_cafe.php;
14:50:03 08.01.2021;7;/pages/restorans.php?;
14:50:04 08.01.2021;7;/pages/select_find_cafe.php;
14:50:05 08.01.2021;7;/pages/restorans.php?;
14:50:06 08.01.2021;7;/pages/restorans.php?;
14:50:10 08.01.2021;7;/pages/select_find_cafe.php;
14:51:51 08.01.2021;7;/pages/select_find_cafe.php;
14:51:52 08.01.2021;7;/pages/restorans.php?;
14:51:53 08.01.2021;7;/pages/select_find_cafe.php;
14:52:40 08.01.2021;7;/pages/restorans.php?;
14:53:07 08.01.2021;7;/pages/restorans.php?;
14:53:08 08.01.2021;7;/pages/restorans.php?;
14:56:51 08.01.2021;7;/pages/select_find_cafe.php;
14:58:34 08.01.2021;7;/pages/select_find_cafe.php;
14:58:37 08.01.2021;7;/pages/restorans.php?;
14:58:37 08.01.2021;7;/pages/restorans.php?;
14:58:43 08.01.2021;7;/pages/select_find_cafe.php;
14:58:47 08.01.2021;7;/pages/restorans.php?;
14:58:56 08.01.2021;7;/pages/select_find_cafe.php;
14:58:58 08.01.2021;7;/pages/restorans.php?;
15:00:00 08.01.2021;7;/pages/restorans.php?;
15:00:03 08.01.2021;7;/pages/select_find_cafe.php;
15:00:17 08.01.2021;7;/pages/restorans.php?;
15:00:49 08.01.2021;7;/pages/select_find_cafe.php;
15:01:11 08.01.2021;7;/pages/restorans.php?;
15:01:12 08.01.2021;7;/pages/cafe.php?id=1;
15:05:04 08.01.2021;7;/pages/restorans.php?;
15:05:11 08.01.2021;7;/pages/select_find_cafe.php;
15:06:51 08.01.2021;7;/pages/select_find_cafe.php;
15:06:53 08.01.2021;7;/pages/restorans.php?;
15:06:54 08.01.2021;7;/pages/select_find_cafe.php;
15:06:57 08.01.2021;7;/pages/select_find_cafe.php;
15:07:03 08.01.2021;7;/pages/restorans.php?;
15:07:29 08.01.2021;7;/pages/select_find_cafe.php;
15:07:32 08.01.2021;7;/pages/restorans.php?;
15:07:34 08.01.2021;7;/pages/select_find_cafe.php;
15:07:36 08.01.2021;7;/pages/restorans.php?;
15:07:42 08.01.2021;7;/pages/select_find_cafe.php;
15:07:44 08.01.2021;7;/pages/restorans.php?;
15:07:48 08.01.2021;7;/pages/select_find_cafe.php;
15:07:51 08.01.2021;7;/pages/restorans.php?;
17:29:35 08.01.2021;7;/pages/admin.php;
17:30:39 08.01.2021;7;/pages/admin.php;
17:35:34 08.01.2021;7;/pages/admin.php;
17:35:45 08.01.2021;7;/pages/admin.php;
17:35:53 08.01.2021;7;/pages/admin.php;
17:36:16 08.01.2021;7;/pages/admin.php;
17:36:31 08.01.2021;7;/pages/admin.php;
17:37:03 08.01.2021;7;/pages/admin.php;
17:38:54 08.01.2021;7;/pages/admin.php;
17:38:56 08.01.2021;7;/pages/admin.php;
17:39:39 08.01.2021;7;/pages/admin.php;
17:40:46 08.01.2021;7;/pages/admin.php;
17:40:59 08.01.2021;7;/pages/admin.php;
17:41:38 08.01.2021;7;/pages/admin.php;
17:41:51 08.01.2021;7;/pages/admin.php;
17:41:56 08.01.2021;7;/pages/admin.php;
17:46:19 08.01.2021;7;/pages/admin.php;
17:46:21 08.01.2021;7;/pages/admin.php;
17:51:48 08.01.2021;7;/pages/admin.php;
17:52:17 08.01.2021;7;/pages/admin.php;
17:52:30 08.01.2021;7;/pages/admin.php;
17:52:46 08.01.2021;7;/pages/admin.php;
17:58:20 08.01.2021;7;/pages/restorans.php;
17:58:25 08.01.2021;7;/pages/add_cafe.php;
17:58:32 08.01.2021;7;/pages/restorans.php;
17:59:48 08.01.2021;7;/pages/cafe.php?id=8;
17:59:52 08.01.2021;7;/pages/restorans.php;
17:59:59 08.01.2021;7;/pages/cafe.php?id=1;
18:00:02 08.01.2021;7;/pages/restorans.php;
18:00:03 08.01.2021;7;/pages/cafe.php?id=3;
18:00:04 08.01.2021;7;/pages/workers.php?id=3;
18:00:06 08.01.2021;7;/pages/cafe.php?id=3;
18:00:06 08.01.2021;7;/pages/restorans.php;
18:00:07 08.01.2021;7;/pages/cafe.php?id=1;
18:00:08 08.01.2021;7;/pages/workers.php?id=1;
18:00:10 08.01.2021;7;/pages/cafe.php?id=1;
18:00:11 08.01.2021;7;/pages/workers.php?id=1;
18:00:12 08.01.2021;7;/pages/add_worker.php?id=1;
18:00:52 08.01.2021;7;/pages/add_worker.php?id=1;
18:00:56 08.01.2021;7;/pages/workers.php?id=1;
18:00:58 08.01.2021;7;/pages/workers.php?id=1;
18:01:00 08.01.2021;7;/pages/workers.php?id=1;
18:01:01 08.01.2021;7;/pages/add_worker.php?id=1;
18:01:02 08.01.2021;7;/pages/workers.php?id=1;
18:01:03 08.01.2021;7;/pages/cafe.php?id=1;
18:01:05 08.01.2021;7;/pages/suppliers.php?id=1;
18:01:09 08.01.2021;7;/pages/add_suppliers.php?id=1;
18:01:11 08.01.2021;7;/pages/suppliers.php?id=1;
18:01:14 08.01.2021;7;/pages/upd_suppliers.php?id=11;
18:01:15 08.01.2021;7;/pages/suppliers.php?id=1;
18:01:16 08.01.2021;7;/pages/prod_supp.php?id=11&id_cafe=1;
18:01:17 08.01.2021;7;/pages/add_products.php?id_supp=11&id_cafe=1;
18:01:22 08.01.2021;7;/pages/prod_supp.php?id=11&id_cafe=1;
18:01:24 08.01.2021;7;/pages/prod_supp.php?id=11&id_cafe=1;
18:01:25 08.01.2021;7;/pages/prod_supp.php?id=11&id_cafe=1;
18:01:26 08.01.2021;7;/pages/add_products.php?id_supp=11&id_cafe=1;
18:01:26 08.01.2021;7;/pages/prod_supp.php?id=11&id_cafe=1;
18:01:28 08.01.2021;7;/pages/suppliers.php?id=1;
18:01:33 08.01.2021;7;/pages/suppliers.php?id=1;
18:01:34 08.01.2021;7;/pages/suppliers.php?id=1;
18:01:35 08.01.2021;7;/pages/add_suppliers.php?id=1;
18:01:35 08.01.2021;7;/pages/suppliers.php?id=1;
18:01:37 08.01.2021;7;/pages/cafe.php?id=1;
18:01:38 08.01.2021;7;/pages/restorans.php;
